<?xml version="1.0" encoding="UTF-8"?>
<!-- Generated by org.testng.reporters.JUnitReportReporter -->
<testsuite skipped="0" hostname="SAI" name="com.testcases.OrangeHrmLoginTestCase" tests="1" failures="0" timestamp="16 Sep 2020 08:02:23 GMT" time="12.125" errors="0">
  <testcase name="login" time="12.125" classname="com.testcases.OrangeHrmLoginTestCase"/>
</testsuite> <!-- com.testcases.OrangeHrmLoginTestCase -->
